<component name="libraryTable">
  <library name="junit-4.12">
    <CLASSES>
      <root url="jar://$PROJECT_DIR$/lib/junit-4.12.jar!/" />
      <root url="jar://$PROJECT_DIR$/lib/jieba-analysis-1.0.2.jar!/" />
      <root url="jar://$PROJECT_DIR$/lib/hamcrest-core-1.3.jar!/" />
      <root url="jar://$PROJECT_DIR$/lib/commons-lang3-3.3.1.jar!/" />
    </CLASSES>
    <JAVADOC />
    <SOURCES />
  </library>
</component>